2015-06-20 00:11:20,344 INFO  - Application_Start....
2015-06-20 00:11:20,352 INFO  - ConnectionStringSettings: Data Source=.\GCPACSWS;Initial Catalog=mhCloudEMR;User ID=sa;Password=SQL2008;Persist Security Info=True;
2015-06-20 00:11:39,290 ERROR - 在与 SQL Server 建立连接时出现与网络相关的或特定于实例的错误。未找到或无法访问服务器。请验证实例名称是否正确并且 SQL Server 已配置为允许远程连接。 (provider: SQL Network Interfaces, error: 26 - 定位指定的服务器/实例时出错)
2015-06-20 00:11:39,296 ERROR - 在与 SQL Server 建立连接时出现与网络相关的或特定于实例的错误。未找到或无法访问服务器。请验证实例名称是否正确并且 SQL Server 已配置为允许远程连接。 (provider: SQL Network Interfaces, error: 26 - 定位指定的服务器/实例时出错)
2015-06-20 00:12:00,299 INFO  - Application_Start....
2015-06-20 00:12:00,306 INFO  - ConnectionStringSettings: Data Source=.;Initial Catalog=mhCloudEMR;User ID=sa;Password=SQL2008;Persist Security Info=True;
2015-06-20 00:14:29,210 INFO  - Application_Start....
2015-06-20 00:14:29,223 INFO  - ConnectionStringSettings: Data Source=.;Initial Catalog=mhCloudEMR;User ID=sa;Password=SQL2008;Persist Security Info=True;
2015-06-20 00:15:38,239 INFO  - Application_Start....
2015-06-20 00:15:38,247 INFO  - ConnectionStringSettings: Data Source=.;Initial Catalog=mhCloudEMR;User ID=sa;Password=SQL2008;Persist Security Info=True;
2015-06-20 00:16:17,777 ERROR - 输入字符串的格式不正确。
2015-06-20 00:21:46,551 INFO  - Application_Start....
2015-06-20 00:21:46,559 INFO  - ConnectionStringSettings: Data Source=.;Initial Catalog=mhCloudEMR;User ID=sa;Password=SQL2008;Persist Security Info=True;
2015-06-20 00:47:18,053 INFO  - Application_Start....
2015-06-20 00:47:18,061 INFO  - ConnectionStringSettings: Data Source=.;Initial Catalog=mhCloudEMR;User ID=sa;Password=SQL2008;Persist Security Info=True;
2015-06-20 00:47:19,405 ERROR - 未将对象引用设置到对象的实例。
2015-06-20 00:49:10,352 ERROR - 未将对象引用设置到对象的实例。
2015-06-20 00:49:41,515 ERROR - 未将对象引用设置到对象的实例。
2015-06-20 00:54:39,655 ERROR - 未将对象引用设置到对象的实例。
2015-06-20 00:56:15,392 ERROR - 未将对象引用设置到对象的实例。
2015-06-20 00:56:16,820 ERROR - 未将对象引用设置到对象的实例。
2015-06-20 00:56:17,335 ERROR - 未将对象引用设置到对象的实例。
2015-06-20 01:09:42,883 ERROR - 未将对象引用设置到对象的实例。
2015-06-20 01:10:59,020 INFO  - Application_Start....
2015-06-20 01:10:59,028 INFO  - ConnectionStringSettings: Data Source=.;Initial Catalog=mhCloudEMR;User ID=sa;Password=SQL2008;Persist Security Info=True;
2015-06-20 01:13:09,778 INFO  - Application_Start....
2015-06-20 01:13:09,787 INFO  - ConnectionStringSettings: Data Source=.;Initial Catalog=mhCloudEMR;User ID=sa;Password=SQL2008;Persist Security Info=True;
2015-06-20 01:13:45,875 ERROR - 未将对象引用设置到对象的实例。
2015-06-20 01:16:10,685 INFO  - Application_Start....
2015-06-20 01:16:10,694 INFO  - ConnectionStringSettings: Data Source=.;Initial Catalog=mhCloudEMR;User ID=sa;Password=SQL2008;Persist Security Info=True;
2015-06-20 01:17:01,978 ERROR - 未将对象引用设置到对象的实例。
2015-06-20 01:17:47,899 INFO  - Application_Start....
2015-06-20 01:17:47,909 INFO  - ConnectionStringSettings: Data Source=.;Initial Catalog=mhCloudEMR;User ID=sa;Password=SQL2008;Persist Security Info=True;
2015-06-20 01:18:05,985 ERROR - 未将对象引用设置到对象的实例。
2015-06-20 01:18:24,594 INFO  - Application_Start....
2015-06-20 01:18:24,604 INFO  - ConnectionStringSettings: Data Source=.;Initial Catalog=mhCloudEMR;User ID=sa;Password=SQL2008;Persist Security Info=True;
2015-06-20 01:18:44,225 ERROR - 未将对象引用设置到对象的实例。
2015-06-20 17:06:11,814 INFO  - Application_Start....
2015-06-20 17:06:11,830 INFO  - ConnectionStringSettings: Data Source=.;Initial Catalog=mhCloudEMR;User ID=sa;Password=SQL2008;Persist Security Info=True;
2015-06-20 17:06:31,735 ERROR - A network-related or instance-specific error occurred while establishing a connection to SQL Server. The server was not found or was not accessible. Verify that the instance name is correct and that SQL Server is configured to allow remote connections. (provider: Named Pipes Provider, error: 40 - Could not open a connection to SQL Server)
2015-06-20 17:07:18,636 INFO  - Application_Start....
2015-06-20 17:07:18,636 INFO  - ConnectionStringSettings: Data Source=116.228.41.235;Initial Catalog=mhCloudEMR;User ID=yiyou;Password=1;Persist Security Info=True;
2015-06-20 17:08:10,109 INFO  - Application_Start....
2015-06-20 17:08:10,109 INFO  - ConnectionStringSettings: Data Source=.\GCPACSWS;Initial Catalog=mhCloudEMR;User ID=sa;Password=sa20021224$;Persist Security Info=True;
