2015-05-30 13:10:53,599 INFO  - Application_Start....
2015-05-30 13:10:53,619 INFO  - ConnectionStringSettings: Data Source=.\GCPACSWS;Initial Catalog=mhCloudEMR;User ID=sa;Password=sa20021224$;Persist Security Info=True;
2015-05-30 13:19:33,889 INFO  - Application_Start....
2015-05-30 13:19:33,897 INFO  - ConnectionStringSettings: Data Source=.\GCPACSWS;Initial Catalog=mhCloudEMR;User ID=sa;Password=sa20021224$;Persist Security Info=True;
2015-05-30 13:23:51,289 ERROR - Thread was being aborted.
2015-05-30 13:24:43,409 ERROR - Thread was being aborted.
2015-05-30 13:24:47,983 ERROR - Thread was being aborted.
2015-05-30 13:27:17,250 INFO  - Application_Start....
2015-05-30 13:27:17,258 INFO  - ConnectionStringSettings: Data Source=.\GCPACSWS;Initial Catalog=mhCloudEMR;User ID=sa;Password=sa20021224$;Persist Security Info=True;
2015-05-30 13:28:46,617 INFO  - Application_Start....
2015-05-30 13:28:46,627 INFO  - ConnectionStringSettings: Data Source=.\GCPACSWS;Initial Catalog=mhCloudEMR;User ID=sa;Password=sa20021224$;Persist Security Info=True;
2015-05-30 13:30:14,781 ERROR - Thread was being aborted.
2015-05-30 13:30:20,318 ERROR - Thread was being aborted.
2015-05-30 13:32:28,824 ERROR - Thread was being aborted.
2015-05-30 13:37:13,428 INFO  - Application_Start....
2015-05-30 13:37:13,439 INFO  - ConnectionStringSettings: Data Source=.\GCPACSWS;Initial Catalog=mhCloudEMR;User ID=sa;Password=sa20021224$;Persist Security Info=True;
2015-05-30 13:55:20,490 INFO  - Application_Start....
2015-05-30 13:55:20,501 INFO  - ConnectionStringSettings: Data Source=.\GCPACSWS;Initial Catalog=mhCloudEMR;User ID=sa;Password=sa20021224$;Persist Security Info=True;
2015-05-30 14:23:41,362 INFO  - Application_Start....
2015-05-30 14:23:41,374 INFO  - ConnectionStringSettings: Data Source=.\GCPACSWS;Initial Catalog=mhCloudEMR;User ID=sa;Password=sa20021224$;Persist Security Info=True;
2015-05-30 14:29:31,701 INFO  - Application_Start....
2015-05-30 14:29:31,713 INFO  - ConnectionStringSettings: Data Source=.\GCPACSWS;Initial Catalog=mhCloudEMR;User ID=sa;Password=sa20021224$;Persist Security Info=True;
2015-05-30 14:49:24,877 INFO  - Application_Start....
2015-05-30 14:49:24,887 INFO  - ConnectionStringSettings: Data Source=.\GCPACSWS;Initial Catalog=mhCloudEMR;User ID=sa;Password=sa20021224$;Persist Security Info=True;
2015-05-30 17:11:53,348 INFO  - Application_Start....
2015-05-30 17:11:53,360 INFO  - ConnectionStringSettings: Data Source=116.228.41.235;Initial Catalog=mhCloudEMR;User ID=yiyou;Password=1;Persist Security Info=True;
2015-05-30 17:13:11,457 ERROR - Thread was being aborted.
2015-05-30 17:13:52,146 ERROR - Object reference not set to an instance of an object.
