2015-06-21 09:13:44,048 INFO  - Application_Start....
2015-06-21 09:13:44,058 INFO  - ConnectionStringSettings: Data Source=.\GCPACSWS;Initial Catalog=mhCloudEMR;User ID=sa;Password=sa20021224$;Persist Security Info=True;
2015-06-21 09:13:48,237 ERROR - Object reference not set to an instance of an object.
2015-06-21 09:14:33,460 ERROR - Object reference not set to an instance of an object.
2015-06-21 09:14:56,180 ERROR - Object reference not set to an instance of an object.
2015-06-21 09:15:03,042 ERROR - Object reference not set to an instance of an object.
2015-06-21 09:15:27,612 ERROR - Object reference not set to an instance of an object.
2015-06-21 09:15:29,788 ERROR - Object reference not set to an instance of an object.
2015-06-21 09:15:31,608 ERROR - Object reference not set to an instance of an object.
2015-06-21 09:15:56,880 ERROR - Object reference not set to an instance of an object.
2015-06-21 09:15:58,501 ERROR - Object reference not set to an instance of an object.
2015-06-21 09:16:06,249 ERROR - Object reference not set to an instance of an object.
2015-06-21 09:16:20,490 ERROR - Object reference not set to an instance of an object.
2015-06-21 09:17:20,883 ERROR - Object reference not set to an instance of an object.
2015-06-21 09:17:39,549 ERROR - Object reference not set to an instance of an object.
2015-06-21 09:18:16,777 ERROR - Object reference not set to an instance of an object.
2015-06-21 09:19:09,736 ERROR - Object reference not set to an instance of an object.
2015-06-21 09:21:42,980 ERROR - Object reference not set to an instance of an object.
2015-06-21 09:21:44,854 ERROR - Object reference not set to an instance of an object.
2015-06-21 09:22:09,292 ERROR - Object reference not set to an instance of an object.
2015-06-21 09:25:51,947 ERROR - Object reference not set to an instance of an object.
2015-06-21 09:25:51,951 ERROR - Object reference not set to an instance of an object.
2015-06-21 09:25:51,956 ERROR - Object reference not set to an instance of an object.
2015-06-21 09:25:51,988 ERROR - Object reference not set to an instance of an object.
2015-06-21 09:25:51,988 ERROR - Object reference not set to an instance of an object.
2015-06-21 09:25:53,462 ERROR - Object reference not set to an instance of an object.
2015-06-21 09:26:31,661 ERROR - Object reference not set to an instance of an object.
2015-06-21 09:26:42,754 ERROR - Object reference not set to an instance of an object.
2015-06-21 09:26:58,890 INFO  - Application_Start....
2015-06-21 09:26:58,898 INFO  - ConnectionStringSettings: Data Source=.\GCPACSWS;Initial Catalog=mhCloudEMR;User ID=sa;Password=sa20021224$;Persist Security Info=True;
2015-06-21 09:27:04,176 ERROR - Object reference not set to an instance of an object.
2015-06-21 14:33:31,213 ERROR - Object reference not set to an instance of an object.
2015-06-21 14:34:59,867 ERROR - Object reference not set to an instance of an object.
2015-06-21 14:59:37,492 INFO  - Application_Start....
2015-06-21 14:59:37,500 INFO  - ConnectionStringSettings: Data Source=.\GCPACSWS;Initial Catalog=mhCloudEMR;User ID=sa;Password=sa20021224$;Persist Security Info=True;
2015-06-21 14:59:39,842 ERROR - Object reference not set to an instance of an object.
2015-06-21 15:01:07,365 INFO  - Application_Start....
2015-06-21 15:01:07,376 INFO  - ConnectionStringSettings: Data Source=.\GCPACSWS;Initial Catalog=mhCloudEMR;User ID=sa;Password=sa20021224$;Persist Security Info=True;
2015-06-21 15:02:02,930 INFO  - Application_Start....
2015-06-21 15:02:02,938 INFO  - ConnectionStringSettings: Data Source=.\GCPACSWS;Initial Catalog=mhCloudEMR;User ID=sa;Password=sa20021224$;Persist Security Info=True;
2015-06-21 15:02:04,421 ERROR - Object reference not set to an instance of an object.
2015-06-21 15:10:35,370 INFO  - Application_Start....
2015-06-21 15:10:35,379 INFO  - ConnectionStringSettings: Data Source=.\GCPACSWS;Initial Catalog=mhCloudEMR;User ID=sa;Password=sa20021224$;Persist Security Info=True;
2015-06-21 15:10:37,057 ERROR - Object reference not set to an instance of an object.
2015-06-21 15:11:01,148 ERROR - Object reference not set to an instance of an object.
2015-06-21 15:15:15,421 ERROR - Object reference not set to an instance of an object.
2015-06-21 15:15:15,423 ERROR - Object reference not set to an instance of an object.
2015-06-21 15:15:15,434 ERROR - Object reference not set to an instance of an object.
2015-06-21 15:15:15,448 ERROR - Object reference not set to an instance of an object.
2015-06-21 15:20:45,752 INFO  - Application_Start....
2015-06-21 15:20:45,761 INFO  - ConnectionStringSettings: Data Source=.\GCPACSWS;Initial Catalog=mhCloudEMR;User ID=sa;Password=sa20021224$;Persist Security Info=True;
2015-06-21 15:39:14,015 INFO  - Application_Start....
2015-06-21 15:39:14,026 INFO  - ConnectionStringSettings: Data Source=.\GCPACSWS;Initial Catalog=mhCloudEMR;User ID=sa;Password=sa20021224$;Persist Security Info=True;
2015-06-21 15:45:36,572 INFO  - Application_Start....
2015-06-21 15:45:36,581 INFO  - ConnectionStringSettings: Data Source=.\GCPACSWS;Initial Catalog=mhCloudEMR;User ID=sa;Password=sa20021224$;Persist Security Info=True;
2015-06-21 15:45:38,253 ERROR - Object reference not set to an instance of an object.
2015-06-21 15:51:40,461 INFO  - Application_Start....
2015-06-21 15:51:40,469 INFO  - ConnectionStringSettings: Data Source=.\GCPACSWS;Initial Catalog=mhCloudEMR;User ID=sa;Password=sa20021224$;Persist Security Info=True;
2015-06-21 15:52:02,265 INFO  - Application_Start....
2015-06-21 15:52:02,274 INFO  - ConnectionStringSettings: Data Source=.\GCPACSWS;Initial Catalog=mhCloudEMR;User ID=sa;Password=sa20021224$;Persist Security Info=True;
2015-06-21 15:57:18,442 INFO  - Application_Start....
2015-06-21 15:57:18,450 INFO  - ConnectionStringSettings: Data Source=.\GCPACSWS;Initial Catalog=mhCloudEMR;User ID=sa;Password=sa20021224$;Persist Security Info=True;
2015-06-21 16:00:49,961 INFO  - Application_Start....
2015-06-21 16:00:49,971 INFO  - ConnectionStringSettings: Data Source=.\GCPACSWS;Initial Catalog=mhCloudEMR;User ID=sa;Password=sa20021224$;Persist Security Info=True;
2015-06-21 16:02:59,821 ERROR - Object reference not set to an instance of an object.
2015-06-21 16:08:00,441 INFO  - Application_Start....
2015-06-21 16:08:00,448 INFO  - ConnectionStringSettings: Data Source=.\GCPACSWS;Initial Catalog=mhCloudEMR;User ID=sa;Password=sa20021224$;Persist Security Info=True;
2015-06-21 16:10:01,222 INFO  - Application_Start....
2015-06-21 16:10:01,232 INFO  - ConnectionStringSettings: Data Source=.\GCPACSWS;Initial Catalog=mhCloudEMR;User ID=sa;Password=sa20021224$;Persist Security Info=True;
2015-06-21 16:10:02,853 ERROR - Object reference not set to an instance of an object.
2015-06-21 16:14:44,507 INFO  - Application_Start....
2015-06-21 16:14:44,518 INFO  - ConnectionStringSettings: Data Source=.\GCPACSWS;Initial Catalog=mhCloudEMR;User ID=sa;Password=sa20021224$;Persist Security Info=True;
2015-06-21 16:21:40,375 ERROR - Object reference not set to an instance of an object.
2015-06-21 19:54:11,567 ERROR - Object reference not set to an instance of an object.
2015-06-21 20:00:16,376 INFO  - Application_Start....
2015-06-21 20:00:16,385 INFO  - ConnectionStringSettings: Data Source=.\GCPACSWS;Initial Catalog=mhCloudEMR;User ID=sa;Password=sa20021224$;Persist Security Info=True;
2015-06-21 20:00:18,723 ERROR - Object reference not set to an instance of an object.
2015-06-21 20:05:32,001 INFO  - Application_Start....
2015-06-21 20:05:32,008 INFO  - ConnectionStringSettings: Data Source=.\GCPACSWS;Initial Catalog=mhCloudEMR;User ID=sa;Password=sa20021224$;Persist Security Info=True;
2015-06-21 20:13:39,902 INFO  - Application_Start....
2015-06-21 20:13:39,913 INFO  - ConnectionStringSettings: Data Source=.\GCPACSWS;Initial Catalog=mhCloudEMR;User ID=sa;Password=sa20021224$;Persist Security Info=True;
2015-06-21 20:13:46,302 ERROR - Object reference not set to an instance of an object.
2015-06-21 20:14:49,078 INFO  - Application_Start....
2015-06-21 20:14:49,079 INFO  - ConnectionStringSettings: Data Source=.\GCPACSWS;Initial Catalog=mhCloudEMR;User ID=sa;Password=sa20021224$;Persist Security Info=True;
2015-06-21 20:14:51,826 ERROR - Object reference not set to an instance of an object.
2015-06-21 20:18:33,583 ERROR - Object reference not set to an instance of an object.
2015-06-21 20:19:17,614 INFO  - Application_Start....
2015-06-21 20:19:17,622 INFO  - ConnectionStringSettings: Data Source=.\GCPACSWS;Initial Catalog=mhCloudEMR;User ID=sa;Password=sa20021224$;Persist Security Info=True;
2015-06-21 20:20:22,280 ERROR - Object reference not set to an instance of an object.
2015-06-21 20:21:47,769 ERROR - Object reference not set to an instance of an object.
2015-06-21 20:22:21,959 ERROR - Object reference not set to an instance of an object.
2015-06-21 20:30:03,690 INFO  - Application_Start....
2015-06-21 20:30:03,699 INFO  - ConnectionStringSettings: Data Source=.\GCPACSWS;Initial Catalog=mhCloudEMR;User ID=sa;Password=sa20021224$;Persist Security Info=True;
2015-06-21 20:40:14,394 INFO  - Application_Start....
2015-06-21 20:40:14,403 INFO  - ConnectionStringSettings: Data Source=.\GCPACSWS;Initial Catalog=mhCloudEMR;User ID=sa;Password=sa20021224$;Persist Security Info=True;
2015-06-21 20:46:05,418 INFO  - Application_Start....
2015-06-21 20:46:05,428 INFO  - ConnectionStringSettings: Data Source=.\GCPACSWS;Initial Catalog=mhCloudEMR;User ID=sa;Password=sa20021224$;Persist Security Info=True;
2015-06-21 20:46:07,284 ERROR - Conversion failed when converting the varchar value 'loca____23' to data type int.
2015-06-21 20:46:07,285 ERROR - Conversion failed when converting the varchar value 'loca____23' to data type int.
2015-06-21 21:19:28,254 ERROR - Conversion failed when converting the varchar value 'loca____23' to data type int.
2015-06-21 21:19:28,255 ERROR - Conversion failed when converting the varchar value 'loca____23' to data type int.
2015-06-21 21:20:00,115 ERROR - Conversion failed when converting the varchar value 'loca____23' to data type int.
2015-06-21 21:20:00,116 ERROR - Conversion failed when converting the varchar value 'loca____23' to data type int.
2015-06-21 21:20:00,164 ERROR - Conversion failed when converting the varchar value 'loca____23' to data type int.
2015-06-21 21:22:14,219 ERROR - Conversion failed when converting the varchar value 'loca____23' to data type int.
2015-06-21 21:22:23,636 ERROR - Conversion failed when converting the varchar value 'loca____23' to data type int.
2015-06-21 21:26:49,050 ERROR - Conversion failed when converting the varchar value 'loca____23' to data type int.
2015-06-21 21:26:49,051 ERROR - Conversion failed when converting the varchar value 'loca____23' to data type int.
2015-06-21 21:28:56,301 INFO  - Application_Start....
2015-06-21 21:28:56,310 INFO  - ConnectionStringSettings: Data Source=.\GCPACSWS;Initial Catalog=mhCloudEMR;User ID=sa;Password=sa20021224$;Persist Security Info=True;
2015-06-21 21:32:07,670 ERROR - Object reference not set to an instance of an object.
2015-06-21 21:32:17,860 ERROR - Object reference not set to an instance of an object.
2015-06-21 21:32:50,121 ERROR - Object reference not set to an instance of an object.
2015-06-21 21:33:16,143 INFO  - Application_Start....
2015-06-21 21:33:16,152 INFO  - ConnectionStringSettings: Data Source=.\GCPACSWS;Initial Catalog=mhCloudEMR;User ID=sa;Password=sa20021224$;Persist Security Info=True;
2015-06-21 21:47:01,731 INFO  - Application_Start....
2015-06-21 21:47:01,739 INFO  - ConnectionStringSettings: Data Source=.\GCPACSWS;Initial Catalog=mhCloudEMR;User ID=sa;Password=sa20021224$;Persist Security Info=True;
2015-06-21 21:48:46,824 ERROR - Thread was being aborted.
2015-06-21 21:48:58,835 ERROR - Object reference not set to an instance of an object.
2015-06-21 21:49:09,210 ERROR - Object reference not set to an instance of an object.
2015-06-21 21:49:31,202 ERROR - Object reference not set to an instance of an object.
2015-06-21 21:49:56,276 ERROR - Object reference not set to an instance of an object.
2015-06-21 21:50:22,237 ERROR - Object reference not set to an instance of an object.
2015-06-21 21:51:08,905 INFO  - Application_Start....
2015-06-21 21:51:08,913 INFO  - ConnectionStringSettings: Data Source=.\GCPACSWS;Initial Catalog=mhCloudEMR;User ID=sa;Password=sa20021224$;Persist Security Info=True;
2015-06-21 22:07:13,087 INFO  - Application_Start....
2015-06-21 22:07:13,095 INFO  - ConnectionStringSettings: Data Source=.\GCPACSWS;Initial Catalog=mhCloudEMR;User ID=sa;Password=sa20021224$;Persist Security Info=True;
2015-06-21 22:12:46,740 INFO  - Application_Start....
2015-06-21 22:12:46,749 INFO  - ConnectionStringSettings: Data Source=.\GCPACSWS;Initial Catalog=mhCloudEMR;User ID=sa;Password=sa20021224$;Persist Security Info=True;
2015-06-21 22:14:50,468 INFO  - Application_Start....
2015-06-21 22:14:50,479 INFO  - ConnectionStringSettings: Data Source=.\GCPACSWS;Initial Catalog=mhCloudEMR;User ID=sa;Password=sa20021224$;Persist Security Info=True;
2015-06-21 22:17:36,512 INFO  - Application_Start....
2015-06-21 22:17:36,522 INFO  - ConnectionStringSettings: Data Source=.\GCPACSWS;Initial Catalog=mhCloudEMR;User ID=sa;Password=sa20021224$;Persist Security Info=True;
2015-06-21 22:19:26,829 INFO  - Application_Start....
2015-06-21 22:19:26,836 INFO  - ConnectionStringSettings: Data Source=.\GCPACSWS;Initial Catalog=mhCloudEMR;User ID=sa;Password=sa20021224$;Persist Security Info=True;
2015-06-21 22:47:10,251 INFO  - Application_Start....
2015-06-21 22:47:10,259 INFO  - ConnectionStringSettings: Data Source=.\GCPACSWS;Initial Catalog=mhCloudEMR;User ID=sa;Password=sa20021224$;Persist Security Info=True;
2015-06-21 22:49:04,974 ERROR - Cannot insert the value NULL into column 'guid', table 'mhCloudEMR.dbo.consult_application_consultant'; column does not allow nulls. INSERT fails.
The statement has been terminated.
2015-06-21 22:49:04,975 ERROR - Cannot insert the value NULL into column 'guid', table 'mhCloudEMR.dbo.consult_application_consultant'; column does not allow nulls. INSERT fails.
The statement has been terminated.
2015-06-21 22:50:14,732 ERROR - Cannot insert the value NULL into column 'guid', table 'mhCloudEMR.dbo.consult_application_consultant'; column does not allow nulls. INSERT fails.
The statement has been terminated.
2015-06-21 22:50:14,734 ERROR - Cannot insert the value NULL into column 'guid', table 'mhCloudEMR.dbo.consult_application_consultant'; column does not allow nulls. INSERT fails.
The statement has been terminated.
2015-06-21 22:50:38,151 INFO  - Application_Start....
2015-06-21 22:50:38,158 INFO  - ConnectionStringSettings: Data Source=.\GCPACSWS;Initial Catalog=mhCloudEMR;User ID=sa;Password=sa20021224$;Persist Security Info=True;
2015-06-21 22:51:29,875 ERROR - Cannot insert the value NULL into column 'guid', table 'mhCloudEMR.dbo.consult_application_consultant'; column does not allow nulls. INSERT fails.
The statement has been terminated.
2015-06-21 22:51:36,446 ERROR - Cannot insert the value NULL into column 'guid', table 'mhCloudEMR.dbo.consult_application_consultant'; column does not allow nulls. INSERT fails.
The statement has been terminated.
2015-06-21 22:52:34,487 INFO  - Application_Start....
2015-06-21 22:52:34,494 INFO  - ConnectionStringSettings: Data Source=.\GCPACSWS;Initial Catalog=mhCloudEMR;User ID=sa;Password=sa20021224$;Persist Security Info=True;
2015-06-21 22:53:21,110 ERROR - Cannot insert the value NULL into column 'consult_application_guid', table 'mhCloudEMR.dbo.consult_application_consultant'; column does not allow nulls. INSERT fails.
The statement has been terminated.
2015-06-21 22:53:46,697 ERROR - Cannot insert the value NULL into column 'consult_application_guid', table 'mhCloudEMR.dbo.consult_application_consultant'; column does not allow nulls. INSERT fails.
The statement has been terminated.
2015-06-21 22:59:00,554 INFO  - Application_Start....
2015-06-21 22:59:00,562 INFO  - ConnectionStringSettings: Data Source=.\GCPACSWS;Initial Catalog=mhCloudEMR;User ID=sa;Password=sa20021224$;Persist Security Info=True;
2015-06-21 22:59:27,687 INFO  - Application_Start....
2015-06-21 22:59:27,696 INFO  - ConnectionStringSettings: Data Source=.\GCPACSWS;Initial Catalog=mhCloudEMR;User ID=sa;Password=sa20021224$;Persist Security Info=True;
2015-06-21 23:00:46,658 ERROR - Thread was being aborted.
2015-06-21 23:14:39,645 INFO  - Application_Start....
2015-06-21 23:14:39,653 INFO  - ConnectionStringSettings: Data Source=.\GCPACSWS;Initial Catalog=mhCloudEMR;User ID=sa;Password=sa20021224$;Persist Security Info=True;
2015-06-21 23:20:51,410 INFO  - Application_Start....
2015-06-21 23:20:51,417 INFO  - ConnectionStringSettings: Data Source=.\GCPACSWS;Initial Catalog=mhCloudEMR;User ID=sa;Password=sa20021224$;Persist Security Info=True;
2015-06-21 23:24:06,178 INFO  - Application_Start....
2015-06-21 23:24:06,191 INFO  - ConnectionStringSettings: Data Source=.\GCPACSWS;Initial Catalog=mhCloudEMR;User ID=sa;Password=sa20021224$;Persist Security Info=True;
2015-06-21 23:25:29,663 INFO  - Application_Start....
2015-06-21 23:25:29,674 INFO  - ConnectionStringSettings: Data Source=.\GCPACSWS;Initial Catalog=mhCloudEMR;User ID=sa;Password=sa20021224$;Persist Security Info=True;
2015-06-21 23:26:43,809 ERROR - Thread was being aborted.
2015-06-21 23:28:55,585 ERROR - Thread was being aborted.
2015-06-21 23:30:07,323 INFO  - Application_Start....
2015-06-21 23:30:07,336 INFO  - ConnectionStringSettings: Data Source=.\GCPACSWS;Initial Catalog=mhCloudEMR;User ID=sa;Password=sa20021224$;Persist Security Info=True;
2015-06-21 23:31:02,763 INFO  - Application_Start....
2015-06-21 23:31:02,772 INFO  - ConnectionStringSettings: Data Source=.\GCPACSWS;Initial Catalog=mhCloudEMR;User ID=sa;Password=sa20021224$;Persist Security Info=True;
