2015-06-15 09:56:18,920 INFO  - Application_Start....
2015-06-15 09:56:18,925 INFO  - ConnectionStringSettings: Data Source=.\GCPACSWS;Initial Catalog=mhCloudEMR;User ID=sa;Password=sa20021224$;Persist Security Info=True;
2015-06-15 10:43:38,574 INFO  - Application_Start....
2015-06-15 10:43:38,579 INFO  - ConnectionStringSettings: Data Source=.\GCPACSWS;Initial Catalog=mhCloudEMR;User ID=sa;Password=sa20021224$;Persist Security Info=True;
2015-06-15 10:51:45,845 INFO  - Application_Start....
2015-06-15 10:51:45,851 INFO  - ConnectionStringSettings: Data Source=.\GCPACSWS;Initial Catalog=mhCloudEMR;User ID=sa;Password=sa20021224$;Persist Security Info=True;
2015-06-15 10:53:57,225 INFO  - Application_Start....
2015-06-15 10:53:57,231 INFO  - ConnectionStringSettings: Data Source=.\GCPACSWS;Initial Catalog=mhCloudEMR;User ID=sa;Password=sa20021224$;Persist Security Info=True;
2015-06-15 12:37:24,453 INFO  - Application_Start....
2015-06-15 12:37:24,459 INFO  - ConnectionStringSettings: Data Source=.\GCPACSWS;Initial Catalog=mhCloudEMR;User ID=sa;Password=sa20021224$;Persist Security Info=True;
2015-06-15 17:22:12,261 INFO  - Application_Start....
2015-06-15 17:22:12,267 INFO  - ConnectionStringSettings: Data Source=.\GCPACSWS;Initial Catalog=mhCloudEMR;User ID=sa;Password=sa20021224$;Persist Security Info=True;
2015-06-15 17:44:19,533 INFO  - Application_Start....
2015-06-15 17:44:19,538 INFO  - ConnectionStringSettings: Data Source=.\GCPACSWS;Initial Catalog=mhCloudEMR;User ID=sa;Password=sa20021224$;Persist Security Info=True;
2015-06-15 17:49:16,095 ERROR - Object reference not set to an instance of an object.
2015-06-15 17:49:17,668 ERROR - Object reference not set to an instance of an object.
2015-06-15 18:05:35,513 INFO  - Application_Start....
2015-06-15 18:05:35,518 INFO  - ConnectionStringSettings: Data Source=.\GCPACSWS;Initial Catalog=mhCloudEMR;User ID=sa;Password=sa20021224$;Persist Security Info=True;
2015-06-15 18:08:59,734 INFO  - Application_Start....
2015-06-15 18:08:59,739 INFO  - ConnectionStringSettings: Data Source=.\GCPACSWS;Initial Catalog=mhCloudEMR;User ID=sa;Password=sa20021224$;Persist Security Info=True;
2015-06-15 18:12:35,074 INFO  - Application_Start....
2015-06-15 18:12:35,080 INFO  - ConnectionStringSettings: Data Source=.\GCPACSWS;Initial Catalog=mhCloudEMR;User ID=sa;Password=sa20021224$;Persist Security Info=True;
2015-06-15 18:15:59,565 INFO  - Application_Start....
2015-06-15 18:15:59,570 INFO  - ConnectionStringSettings: Data Source=.\GCPACSWS;Initial Catalog=mhCloudEMR;User ID=sa;Password=sa20021224$;Persist Security Info=True;
2015-06-15 18:16:26,229 INFO  - Application_Start....
2015-06-15 18:16:26,235 INFO  - ConnectionStringSettings: Data Source=.\GCPACSWS;Initial Catalog=mhCloudEMR;User ID=sa;Password=sa20021224$;Persist Security Info=True;
2015-06-15 18:26:09,194 INFO  - Application_Start....
2015-06-15 18:26:09,199 INFO  - ConnectionStringSettings: Data Source=.\GCPACSWS;Initial Catalog=mhCloudEMR;User ID=sa;Password=sa20021224$;Persist Security Info=True;
2015-06-15 18:28:40,681 INFO  - Application_Start....
2015-06-15 18:28:40,686 INFO  - ConnectionStringSettings: Data Source=.\GCPACSWS;Initial Catalog=mhCloudEMR;User ID=sa;Password=sa20021224$;Persist Security Info=True;
2015-06-15 18:32:27,643 INFO  - Application_Start....
2015-06-15 18:32:27,648 INFO  - ConnectionStringSettings: Data Source=.\GCPACSWS;Initial Catalog=mhCloudEMR;User ID=sa;Password=sa20021224$;Persist Security Info=True;
2015-06-15 18:42:53,377 INFO  - Application_Start....
2015-06-15 18:42:53,382 INFO  - ConnectionStringSettings: Data Source=.\GCPACSWS;Initial Catalog=mhCloudEMR;User ID=sa;Password=sa20021224$;Persist Security Info=True;
2015-06-15 18:53:00,067 INFO  - Application_Start....
2015-06-15 18:53:00,072 INFO  - ConnectionStringSettings: Data Source=.\GCPACSWS;Initial Catalog=mhCloudEMR;User ID=sa;Password=sa20021224$;Persist Security Info=True;
2015-06-15 18:54:47,512 INFO  - Application_Start....
2015-06-15 18:54:47,517 INFO  - ConnectionStringSettings: Data Source=.\GCPACSWS;Initial Catalog=mhCloudEMR;User ID=sa;Password=sa20021224$;Persist Security Info=True;
2015-06-15 18:56:28,448 INFO  - Application_Start....
2015-06-15 18:56:28,454 INFO  - ConnectionStringSettings: Data Source=.\GCPACSWS;Initial Catalog=mhCloudEMR;User ID=sa;Password=sa20021224$;Persist Security Info=True;
2015-06-15 19:03:33,081 INFO  - Application_Start....
2015-06-15 19:03:33,087 INFO  - ConnectionStringSettings: Data Source=.\GCPACSWS;Initial Catalog=mhCloudEMR;User ID=sa;Password=sa20021224$;Persist Security Info=True;
2015-06-15 19:05:29,762 INFO  - Application_Start....
2015-06-15 19:05:29,768 INFO  - ConnectionStringSettings: Data Source=.\GCPACSWS;Initial Catalog=mhCloudEMR;User ID=sa;Password=sa20021224$;Persist Security Info=True;
2015-06-15 19:08:47,368 INFO  - Application_Start....
2015-06-15 19:08:47,373 INFO  - ConnectionStringSettings: Data Source=.\GCPACSWS;Initial Catalog=mhCloudEMR;User ID=sa;Password=sa20021224$;Persist Security Info=True;
2015-06-15 19:11:35,409 INFO  - Application_Start....
2015-06-15 19:11:35,415 INFO  - ConnectionStringSettings: Data Source=.\GCPACSWS;Initial Catalog=mhCloudEMR;User ID=sa;Password=sa20021224$;Persist Security Info=True;
2015-06-15 19:20:21,393 INFO  - Application_Start....
2015-06-15 19:20:21,398 INFO  - ConnectionStringSettings: Data Source=.\GCPACSWS;Initial Catalog=mhCloudEMR;User ID=sa;Password=sa20021224$;Persist Security Info=True;
2015-06-15 19:32:06,724 ERROR - Invalid column name 'hospital_guid'.
Invalid column name 'hospital_name'.
Invalid column name 'doctor_guid'.
Invalid column name 'doctor_name'.
Invalid column name 'conclusion'.
Invalid column name 'conclusion_t'.
Invalid column name 'conclusion_doctor_guid'.
Invalid column name 'conclusion_doctor_name'.
Invalid column name 'delivered_dt'.
Invalid column name 'deliver_guid'.
Invalid column name 'deliver_name'.
2015-06-15 19:32:06,732 ERROR - Invalid column name 'hospital_guid'.
Invalid column name 'hospital_name'.
Invalid column name 'doctor_guid'.
Invalid column name 'doctor_name'.
Invalid column name 'conclusion'.
Invalid column name 'conclusion_t'.
Invalid column name 'conclusion_doctor_guid'.
Invalid column name 'conclusion_doctor_name'.
Invalid column name 'delivered_dt'.
Invalid column name 'deliver_guid'.
Invalid column name 'deliver_name'.
2015-06-15 19:44:47,469 INFO  - Application_Start....
2015-06-15 19:44:47,475 INFO  - ConnectionStringSettings: Data Source=.\GCPACSWS;Initial Catalog=mhCloudEMR;User ID=sa;Password=sa20021224$;Persist Security Info=True;
2015-06-15 19:45:00,098 ERROR - Invalid column name 'hospital_guid'.
Invalid column name 'hospital_name'.
Invalid column name 'doctor_guid'.
Invalid column name 'doctor_name'.
Invalid column name 'conclusion'.
Invalid column name 'conclusion_t'.
Invalid column name 'conclusion_doctor_guid'.
Invalid column name 'conclusion_doctor_name'.
Invalid column name 'delivered_dt'.
Invalid column name 'deliver_guid'.
Invalid column name 'deliver_name'.
2015-06-15 19:45:00,105 ERROR - Invalid column name 'hospital_guid'.
Invalid column name 'hospital_name'.
Invalid column name 'doctor_guid'.
Invalid column name 'doctor_name'.
Invalid column name 'conclusion'.
Invalid column name 'conclusion_t'.
Invalid column name 'conclusion_doctor_guid'.
Invalid column name 'conclusion_doctor_name'.
Invalid column name 'delivered_dt'.
Invalid column name 'deliver_guid'.
Invalid column name 'deliver_name'.
2015-06-15 20:03:58,002 INFO  - Application_Start....
2015-06-15 20:03:58,008 INFO  - ConnectionStringSettings: Data Source=.\GCPACSWS;Initial Catalog=mhCloudEMR;User ID=sa;Password=sa20021224$;Persist Security Info=True;
2015-06-15 20:08:01,566 INFO  - Application_Start....
2015-06-15 20:08:01,571 INFO  - ConnectionStringSettings: Data Source=.\GCPACSWS;Initial Catalog=mhCloudEMR;User ID=sa;Password=sa20021224$;Persist Security Info=True;
2015-06-15 20:08:04,687 ERROR - 'System.Web.UI.WebControls.Literal' does not allow child controls.
