2015-06-16 09:28:25,106 ERROR - 'System.Web.UI.WebControls.Literal' does not allow child controls.
2015-06-16 09:29:44,229 INFO  - Application_Start....
2015-06-16 09:29:44,234 INFO  - ConnectionStringSettings: Data Source=.\GCPACSWS;Initial Catalog=mhCloudEMR;User ID=sa;Password=sa20021224$;Persist Security Info=True;
2015-06-16 09:46:49,110 INFO  - Application_Start....
2015-06-16 09:46:49,116 INFO  - ConnectionStringSettings: Data Source=.\GCPACSWS;Initial Catalog=mhCloudEMR;User ID=sa;Password=sa20021224$;Persist Security Info=True;
2015-06-16 10:11:21,390 INFO  - Application_Start....
2015-06-16 10:11:21,396 INFO  - ConnectionStringSettings: Data Source=.\GCPACSWS;Initial Catalog=mhCloudEMR;User ID=sa;Password=sa20021224$;Persist Security Info=True;
2015-06-16 10:12:02,983 ERROR - Invalid column name 'loca____23'.
2015-06-16 10:12:02,990 ERROR - Invalid column name 'loca____23'.
2015-06-16 10:12:57,460 INFO  - Application_Start....
2015-06-16 10:12:57,466 INFO  - ConnectionStringSettings: Data Source=.\GCPACSWS;Initial Catalog=mhCloudEMR;User ID=sa;Password=sa20021224$;Persist Security Info=True;
2015-06-16 10:13:03,411 ERROR - Invalid column name 'loca____23'.
2015-06-16 10:13:03,416 ERROR - Invalid column name 'loca____23'.
2015-06-16 10:13:06,208 ERROR - Invalid column name 'loca____23'.
2015-06-16 10:13:16,320 ERROR - Invalid column name 'loca____23'.
2015-06-16 10:20:42,332 INFO  - Application_Start....
2015-06-16 10:20:42,338 INFO  - ConnectionStringSettings: Data Source=.\GCPACSWS;Initial Catalog=mhCloudEMR;User ID=sa;Password=sa20021224$;Persist Security Info=True;
2015-06-16 10:20:47,969 ERROR - Invalid column name 'loca____23'.
2015-06-16 10:20:47,974 ERROR - Invalid column name 'loca____23'.
2015-06-16 10:20:51,929 ERROR - Invalid column name 'loca____23'.
2015-06-16 10:25:40,874 ERROR - Invalid column name 'loca____23'.
2015-06-16 10:25:40,875 ERROR - Invalid column name 'loca____23'.
2015-06-16 10:26:10,000 INFO  - Application_Start....
2015-06-16 10:26:10,005 INFO  - ConnectionStringSettings: Data Source=.\GCPACSWS;Initial Catalog=mhCloudEMR;User ID=sa;Password=sa20021224$;Persist Security Info=True;
2015-06-16 10:30:18,047 ERROR - Invalid column name 'loca____23'.
2015-06-16 10:30:18,568 ERROR - Invalid column name 'loca____23'.
2015-06-16 10:30:50,722 ERROR - Multiple controls with the same ID 'ddlLocation0' were found. FindControl requires that controls have unique IDs.
2015-06-16 10:31:06,086 ERROR - Invalid column name 'loca____23'.
2015-06-16 10:31:06,086 ERROR - Invalid column name 'loca____23'.
2015-06-16 10:35:20,029 INFO  - Application_Start....
2015-06-16 10:35:20,035 INFO  - ConnectionStringSettings: Data Source=.\GCPACSWS;Initial Catalog=mhCloudEMR;User ID=sa;Password=sa20021224$;Persist Security Info=True;
2015-06-16 10:35:29,889 INFO  - Application_Start....
2015-06-16 10:35:29,894 INFO  - ConnectionStringSettings: Data Source=.\GCPACSWS;Initial Catalog=mhCloudEMR;User ID=sa;Password=sa20021224$;Persist Security Info=True;
2015-06-16 10:36:06,336 ERROR - Invalid column name 'loca____23'.
2015-06-16 10:36:14,716 ERROR - Invalid column name 'loca____23'.
2015-06-16 10:42:09,801 ERROR - Invalid column name 'loca____23'.
2015-06-16 10:42:09,801 ERROR - Invalid column name 'loca____23'.
2015-06-16 10:42:45,282 INFO  - Application_Start....
2015-06-16 10:42:45,288 INFO  - ConnectionStringSettings: Data Source=.\GCPACSWS;Initial Catalog=mhCloudEMR;User ID=sa;Password=sa20021224$;Persist Security Info=True;
2015-06-16 10:43:06,414 ERROR - Object reference not set to an instance of an object.
2015-06-16 10:43:35,557 ERROR - Object reference not set to an instance of an object.
2015-06-16 10:46:47,380 INFO  - Application_Start....
2015-06-16 10:46:47,386 INFO  - ConnectionStringSettings: Data Source=.\GCPACSWS;Initial Catalog=mhCloudEMR;User ID=sa;Password=sa20021224$;Persist Security Info=True;
2015-06-16 11:00:43,625 INFO  - Application_Start....
2015-06-16 11:00:43,630 INFO  - ConnectionStringSettings: Data Source=.\GCPACSWS;Initial Catalog=mhCloudEMR;User ID=sa;Password=sa20021224$;Persist Security Info=True;
2015-06-16 12:05:11,471 INFO  - Application_Start....
2015-06-16 12:05:11,477 INFO  - ConnectionStringSettings: Data Source=.\GCPACSWS;Initial Catalog=mhCloudEMR;User ID=sa;Password=sa20021224$;Persist Security Info=True;
2015-06-16 12:08:02,912 ERROR - Invalid column name 'hospital_guid'.
Invalid column name 'hospital_name'.
Invalid column name 'doctor_guid'.
Invalid column name 'doctor_name'.
Invalid column name 'conclusion'.
Invalid column name 'conclusion_t'.
Invalid column name 'conclusion_doctor_guid'.
Invalid column name 'conclusion_doctor_name'.
Invalid column name 'delivered_dt'.
Invalid column name 'deliver_guid'.
Invalid column name 'deliver_name'.
2015-06-16 12:08:02,920 ERROR - Invalid column name 'hospital_guid'.
Invalid column name 'hospital_name'.
Invalid column name 'doctor_guid'.
Invalid column name 'doctor_name'.
Invalid column name 'conclusion'.
Invalid column name 'conclusion_t'.
Invalid column name 'conclusion_doctor_guid'.
Invalid column name 'conclusion_doctor_name'.
Invalid column name 'delivered_dt'.
Invalid column name 'deliver_guid'.
Invalid column name 'deliver_name'.
2015-06-16 12:11:35,658 INFO  - Application_Start....
2015-06-16 12:11:35,664 INFO  - ConnectionStringSettings: Data Source=.\GCPACSWS;Initial Catalog=mhCloudEMR;User ID=sa;Password=sa20021224$;Persist Security Info=True;
2015-06-16 14:06:45,268 INFO  - Application_Start....
2015-06-16 14:06:45,274 INFO  - ConnectionStringSettings: Data Source=.\GCPACSWS;Initial Catalog=mhCloudEMR;User ID=sa;Password=sa20021224$;Persist Security Info=True;
2015-06-16 14:06:51,290 ERROR - Invalid column name 'loca____35'.
2015-06-16 14:09:20,617 ERROR - Invalid column name 'loca____34'.
2015-06-16 14:09:57,496 INFO  - Application_Start....
2015-06-16 14:09:57,502 INFO  - ConnectionStringSettings: Data Source=.\GCPACSWS;Initial Catalog=mhCloudEMR;User ID=sa;Password=sa20021224$;Persist Security Info=True;
2015-06-16 14:11:34,640 INFO  - Application_Start....
2015-06-16 14:11:34,646 INFO  - ConnectionStringSettings: Data Source=.\GCPACSWS;Initial Catalog=mhCloudEMR;User ID=sa;Password=sa20021224$;Persist Security Info=True;
2015-06-16 14:11:42,851 ERROR - Invalid column name 'loca____34'.
2015-06-16 14:14:04,410 ERROR - Invalid column name 'loca____34'.
2015-06-16 14:14:53,793 INFO  - Application_Start....
2015-06-16 14:14:53,799 INFO  - ConnectionStringSettings: Data Source=.\GCPACSWS;Initial Catalog=mhCloudEMR;User ID=sa;Password=sa20021224$;Persist Security Info=True;
2015-06-16 14:15:49,394 INFO  - Application_Start....
2015-06-16 14:15:49,399 INFO  - ConnectionStringSettings: Data Source=.\GCPACSWS;Initial Catalog=mhCloudEMR;User ID=sa;Password=sa20021224$;Persist Security Info=True;
2015-06-16 14:16:00,637 ERROR - Invalid column name 'hosp____117'.
2015-06-16 14:17:44,734 INFO  - Application_Start....
2015-06-16 14:17:44,740 INFO  - ConnectionStringSettings: Data Source=.\GCPACSWS;Initial Catalog=mhCloudEMR;User ID=sa;Password=sa20021224$;Persist Security Info=True;
2015-06-16 14:18:31,397 INFO  - Application_Start....
2015-06-16 14:18:31,403 INFO  - ConnectionStringSettings: Data Source=.\GCPACSWS;Initial Catalog=mhCloudEMR;User ID=sa;Password=sa20021224$;Persist Security Info=True;
2015-06-16 14:18:41,931 INFO  - Application_Start....
2015-06-16 14:18:41,936 INFO  - ConnectionStringSettings: Data Source=.\GCPACSWS;Initial Catalog=mhCloudEMR;User ID=sa;Password=sa20021224$;Persist Security Info=True;
2015-06-16 14:19:06,648 ERROR - Invalid column name 'hosp____53'.
2015-06-16 14:22:29,380 INFO  - Application_Start....
2015-06-16 14:22:29,386 INFO  - ConnectionStringSettings: Data Source=.\GCPACSWS;Initial Catalog=mhCloudEMR;User ID=sa;Password=sa20021224$;Persist Security Info=True;
2015-06-16 15:01:15,520 INFO  - Application_Start....
2015-06-16 15:01:15,526 INFO  - ConnectionStringSettings: Data Source=.\GCPACSWS;Initial Catalog=mhCloudEMR;User ID=sa;Password=sa20021224$;Persist Security Info=True;
2015-06-16 15:13:29,701 INFO  - Application_Start....
2015-06-16 15:13:29,707 INFO  - ConnectionStringSettings: Data Source=.\GCPACSWS;Initial Catalog=mhCloudEMR;User ID=sa;Password=sa20021224$;Persist Security Info=True;
2015-06-16 15:14:03,283 ERROR - Object reference not set to an instance of an object.
2015-06-16 15:14:06,365 ERROR - Object reference not set to an instance of an object.
2015-06-16 15:15:48,186 INFO  - Application_Start....
2015-06-16 15:15:48,193 INFO  - ConnectionStringSettings: Data Source=.\GCPACSWS;Initial Catalog=mhCloudEMR;User ID=sa;Password=sa20021224$;Persist Security Info=True;
2015-06-16 17:37:12,475 ERROR - Thread was being aborted.
2015-06-16 17:37:17,913 ERROR - Thread was being aborted.
2015-06-16 17:51:37,362 INFO  - Application_Start....
2015-06-16 17:51:37,368 INFO  - ConnectionStringSettings: Data Source=.\GCPACSWS;Initial Catalog=mhCloudEMR;User ID=sa;Password=sa20021224$;Persist Security Info=True;
2015-06-16 17:51:48,233 INFO  - Application_Start....
2015-06-16 17:51:48,238 INFO  - ConnectionStringSettings: Data Source=.\GCPACSWS;Initial Catalog=mhCloudEMR;User ID=sa;Password=sa20021224$;Persist Security Info=True;
2015-06-16 17:55:56,980 ERROR - Object reference not set to an instance of an object.
2015-06-16 17:55:59,986 ERROR - Object reference not set to an instance of an object.
2015-06-16 18:05:30,032 INFO  - Application_Start....
2015-06-16 18:05:30,038 INFO  - ConnectionStringSettings: Data Source=.\GCPACSWS;Initial Catalog=mhCloudEMR;User ID=sa;Password=sa20021224$;Persist Security Info=True;
