2015-06-08 00:10:38,562 INFO  - Application_Start....
2015-06-08 00:10:38,569 INFO  - ConnectionStringSettings: Data Source=.;Initial Catalog=mhCloudEMR;User ID=sa;Password=SQL2008;Persist Security Info=True;
2015-06-08 00:11:21,791 INFO  - Application_Start....
2015-06-08 00:11:21,800 INFO  - ConnectionStringSettings: Data Source=.;Initial Catalog=mhCloudEMR;User ID=sa;Password=SQL2008;Persist Security Info=True;
2015-06-08 00:11:57,591 ERROR - Invalid column name 'hospital_guid'.
Invalid column name 'hospital_name'.
Invalid column name 'doctor_guid'.
Invalid column name 'doctor_name'.
Invalid column name 'conclusion'.
Invalid column name 'conclusion_t'.
Invalid column name 'conclusion_doctor_guid'.
Invalid column name 'conclusion_doctor_name'.
Invalid column name 'delivered_dt'.
Invalid column name 'deliver_guid'.
Invalid column name 'deliver_name'.
2015-06-08 00:11:57,640 ERROR - Invalid column name 'hospital_guid'.
Invalid column name 'hospital_name'.
Invalid column name 'doctor_guid'.
Invalid column name 'doctor_name'.
Invalid column name 'conclusion'.
Invalid column name 'conclusion_t'.
Invalid column name 'conclusion_doctor_guid'.
Invalid column name 'conclusion_doctor_name'.
Invalid column name 'delivered_dt'.
Invalid column name 'deliver_guid'.
Invalid column name 'deliver_name'.
2015-06-08 18:39:36,794 INFO  - Application_Start....
2015-06-08 18:39:36,857 INFO  - ConnectionStringSettings: Data Source=.;Initial Catalog=mhCloudEMR;User ID=sa;Password=SQL2008;Persist Security Info=True;
2015-06-08 18:48:38,457 ERROR - Invalid column name 'hospital_guid'.
Invalid column name 'hospital_name'.
Invalid column name 'doctor_guid'.
Invalid column name 'doctor_name'.
Invalid column name 'conclusion'.
Invalid column name 'conclusion_t'.
Invalid column name 'conclusion_doctor_guid'.
Invalid column name 'conclusion_doctor_name'.
Invalid column name 'delivered_dt'.
Invalid column name 'deliver_guid'.
Invalid column name 'deliver_name'.
2015-06-08 18:48:38,504 ERROR - Invalid column name 'hospital_guid'.
Invalid column name 'hospital_name'.
Invalid column name 'doctor_guid'.
Invalid column name 'doctor_name'.
Invalid column name 'conclusion'.
Invalid column name 'conclusion_t'.
Invalid column name 'conclusion_doctor_guid'.
Invalid column name 'conclusion_doctor_name'.
Invalid column name 'delivered_dt'.
Invalid column name 'deliver_guid'.
Invalid column name 'deliver_name'.
2015-06-08 23:21:23,357 ERROR - Invalid column name 'hospital_guid'.
Invalid column name 'hospital_name'.
Invalid column name 'doctor_guid'.
Invalid column name 'doctor_name'.
Invalid column name 'conclusion'.
Invalid column name 'conclusion_t'.
Invalid column name 'conclusion_doctor_guid'.
Invalid column name 'conclusion_doctor_name'.
Invalid column name 'delivered_dt'.
Invalid column name 'deliver_guid'.
Invalid column name 'deliver_name'.
2015-06-08 23:21:23,404 ERROR - Invalid column name 'hospital_guid'.
Invalid column name 'hospital_name'.
Invalid column name 'doctor_guid'.
Invalid column name 'doctor_name'.
Invalid column name 'conclusion'.
Invalid column name 'conclusion_t'.
Invalid column name 'conclusion_doctor_guid'.
Invalid column name 'conclusion_doctor_name'.
Invalid column name 'delivered_dt'.
Invalid column name 'deliver_guid'.
Invalid column name 'deliver_name'.
2015-06-08 23:23:37,466 INFO  - Application_Start....
2015-06-08 23:23:37,476 INFO  - ConnectionStringSettings: Data Source=.;Initial Catalog=mhCloudEMR;User ID=sa;Password=SQL2008;Persist Security Info=True;
2015-06-08 23:39:58,600 ERROR - Invalid column name 'hospital_guid'.
Invalid column name 'hospital_name'.
Invalid column name 'doctor_guid'.
Invalid column name 'doctor_name'.
Invalid column name 'conclusion'.
Invalid column name 'conclusion_t'.
Invalid column name 'conclusion_doctor_guid'.
Invalid column name 'conclusion_doctor_name'.
Invalid column name 'delivered_dt'.
Invalid column name 'deliver_guid'.
Invalid column name 'deliver_name'.
2015-06-08 23:39:58,640 ERROR - Invalid column name 'hospital_guid'.
Invalid column name 'hospital_name'.
Invalid column name 'doctor_guid'.
Invalid column name 'doctor_name'.
Invalid column name 'conclusion'.
Invalid column name 'conclusion_t'.
Invalid column name 'conclusion_doctor_guid'.
Invalid column name 'conclusion_doctor_name'.
Invalid column name 'delivered_dt'.
Invalid column name 'deliver_guid'.
Invalid column name 'deliver_name'.
2015-06-08 23:51:17,531 INFO  - Application_Start....
2015-06-08 23:51:17,539 INFO  - ConnectionStringSettings: Data Source=.;Initial Catalog=mhCloudEMR;User ID=sa;Password=SQL2008;Persist Security Info=True;
