2015-05-23 10:24:00,096 INFO  - Application_Start....
2015-05-23 10:24:00,102 INFO  - ConnectionStringSettings: Data Source=.\GCPACSWS;Initial Catalog=mhCloudEMR;User ID=sa;Password=sa20021224$;Persist Security Info=True;
2015-05-23 10:24:57,176 INFO  - Application_Start....
2015-05-23 10:24:57,183 INFO  - ConnectionStringSettings: Data Source=.\GCPACSWS;Initial Catalog=mhCloudEMR;User ID=sa;Password=sa20021224$;Persist Security Info=True;
2015-05-23 10:25:56,800 ERROR - Cannot insert the value NULL into column 'user_guid', table 'mhCloudEMR.dbo.consult_application'; column does not allow nulls. INSERT fails.
The statement has been terminated.
2015-05-23 10:26:45,663 INFO  - Application_Start....
2015-05-23 10:26:45,671 INFO  - ConnectionStringSettings: Data Source=.\GCPACSWS;Initial Catalog=mhCloudEMR;User ID=sa;Password=sa20021224$;Persist Security Info=True;
2015-05-23 10:27:11,297 ERROR - Cannot insert the value NULL into column 'user_name', table 'mhCloudEMR.dbo.consult_application'; column does not allow nulls. INSERT fails.
The statement has been terminated.
2015-05-23 10:29:33,673 INFO  - Application_Start....
2015-05-23 10:29:33,684 INFO  - ConnectionStringSettings: Data Source=.\GCPACSWS;Initial Catalog=mhCloudEMR;User ID=sa;Password=sa20021224$;Persist Security Info=True;
2015-05-23 10:30:03,102 INFO  - Application_Start....
2015-05-23 10:30:03,111 INFO  - ConnectionStringSettings: Data Source=.\GCPACSWS;Initial Catalog=mhCloudEMR;User ID=sa;Password=sa20021224$;Persist Security Info=True;
2015-05-23 10:37:27,696 INFO  - Application_Start....
2015-05-23 10:37:27,708 INFO  - ConnectionStringSettings: Data Source=.\GCPACSWS;Initial Catalog=mhCloudEMR;User ID=sa;Password=sa20021224$;Persist Security Info=True;
2015-05-23 10:38:50,843 INFO  - Application_Start....
2015-05-23 10:38:50,852 INFO  - ConnectionStringSettings: Data Source=.\GCPACSWS;Initial Catalog=mhCloudEMR;User ID=sa;Password=sa20021224$;Persist Security Info=True;
2015-05-23 11:15:30,970 INFO  - Application_Start....
2015-05-23 11:15:30,978 INFO  - ConnectionStringSettings: Data Source=.\GCPACSWS;Initial Catalog=mhCloudEMR;User ID=sa;Password=sa20021224$;Persist Security Info=True;
2015-05-23 11:20:10,003 INFO  - Application_Start....
2015-05-23 11:20:10,010 INFO  - ConnectionStringSettings: Data Source=.\GCPACSWS;Initial Catalog=mhCloudEMR;User ID=sa;Password=sa20021224$;Persist Security Info=True;
2015-05-23 11:25:05,702 INFO  - Application_Start....
2015-05-23 11:25:05,710 INFO  - ConnectionStringSettings: Data Source=.\GCPACSWS;Initial Catalog=mhCloudEMR;User ID=sa;Password=sa20021224$;Persist Security Info=True;
2015-05-23 14:31:13,290 INFO  - Application_Start....
2015-05-23 14:31:13,298 INFO  - ConnectionStringSettings: Data Source=.\GCPACSWS;Initial Catalog=mhCloudEMR;User ID=sa;Password=sa20021224$;Persist Security Info=True;
2015-05-23 14:32:34,514 INFO  - Application_Start....
2015-05-23 14:32:34,522 INFO  - ConnectionStringSettings: Data Source=.\GCPACSWS;Initial Catalog=mhCloudEMR;User ID=sa;Password=sa20021224$;Persist Security Info=True;
2015-05-23 16:29:24,510 INFO  - Application_Start....
2015-05-23 16:29:24,519 INFO  - ConnectionStringSettings: Data Source=.\GCPACSWS;Initial Catalog=mhCloudEMR;User ID=sa;Password=sa20021224$;Persist Security Info=True;
2015-05-23 16:29:47,137 ERROR - Thread was being aborted.
2015-05-23 16:33:53,237 INFO  - Application_Start....
2015-05-23 16:33:53,247 INFO  - ConnectionStringSettings: Data Source=.\GCPACSWS;Initial Catalog=mhCloudEMR;User ID=sa;Password=sa20021224$;Persist Security Info=True;
2015-05-23 16:34:26,870 INFO  - Application_Start....
2015-05-23 16:34:26,878 INFO  - ConnectionStringSettings: Data Source=.\GCPACSWS;Initial Catalog=mhCloudEMR;User ID=sa;Password=sa20021224$;Persist Security Info=True;
2015-05-23 16:37:59,667 ERROR - Thread was being aborted.
2015-05-23 16:39:19,931 INFO  - Application_Start....
2015-05-23 16:39:19,940 INFO  - ConnectionStringSettings: Data Source=.\GCPACSWS;Initial Catalog=mhCloudEMR;User ID=sa;Password=sa20021224$;Persist Security Info=True;
2015-05-23 16:39:49,752 ERROR - Thread was being aborted.
2015-05-23 16:50:26,845 INFO  - Application_Start....
2015-05-23 16:50:26,853 INFO  - ConnectionStringSettings: Data Source=.\GCPACSWS;Initial Catalog=mhCloudEMR;User ID=sa;Password=sa20021224$;Persist Security Info=True;
2015-05-23 16:50:43,208 INFO  - Application_Start....
2015-05-23 16:50:43,215 INFO  - ConnectionStringSettings: Data Source=.\GCPACSWS;Initial Catalog=mhCloudEMR;User ID=sa;Password=sa20021224$;Persist Security Info=True;
2015-05-23 16:51:38,660 INFO  - Application_Start....
2015-05-23 16:51:38,667 INFO  - ConnectionStringSettings: Data Source=.\GCPACSWS;Initial Catalog=mhCloudEMR;User ID=sa;Password=sa20021224$;Persist Security Info=True;
2015-05-23 16:52:50,558 ERROR - Thread was being aborted.
2015-05-23 16:53:14,485 ERROR - Thread was being aborted.
2015-05-23 16:53:20,626 ERROR - Thread was being aborted.
2015-05-23 16:53:25,786 ERROR - Thread was being aborted.
2015-05-23 16:53:36,358 ERROR - Thread was being aborted.
2015-05-23 16:53:52,499 ERROR - Thread was being aborted.
2015-05-23 16:54:25,352 ERROR - Thread was being aborted.
2015-05-23 16:55:11,780 ERROR - Thread was being aborted.
2015-05-23 16:55:25,906 ERROR - Thread was being aborted.
2015-05-23 16:55:49,770 ERROR - Thread was being aborted.
2015-05-23 17:01:31,319 INFO  - Application_Start....
2015-05-23 17:01:31,326 INFO  - ConnectionStringSettings: Data Source=.\GCPACSWS;Initial Catalog=mhCloudEMR;User ID=sa;Password=sa20021224$;Persist Security Info=True;
2015-05-23 17:04:10,571 INFO  - Application_Start....
2015-05-23 17:04:10,580 INFO  - ConnectionStringSettings: Data Source=.\GCPACSWS;Initial Catalog=mhCloudEMR;User ID=sa;Password=sa20021224$;Persist Security Info=True;
