2015-06-11 19:36:16,565 INFO  - Application_Start....
2015-06-11 19:36:16,627 INFO  - ConnectionStringSettings: Data Source=.;Initial Catalog=mhCloudEMR;User ID=sa;Password=SQL2008;Persist Security Info=True;
2015-06-11 19:37:52,036 ERROR - Invalid column name 'hospital_guid'.
Invalid column name 'hospital_name'.
Invalid column name 'doctor_guid'.
Invalid column name 'doctor_name'.
Invalid column name 'conclusion'.
Invalid column name 'conclusion_t'.
Invalid column name 'conclusion_doctor_guid'.
Invalid column name 'conclusion_doctor_name'.
Invalid column name 'delivered_dt'.
Invalid column name 'deliver_guid'.
Invalid column name 'deliver_name'.
2015-06-11 19:37:52,067 ERROR - Invalid column name 'hospital_guid'.
Invalid column name 'hospital_name'.
Invalid column name 'doctor_guid'.
Invalid column name 'doctor_name'.
Invalid column name 'conclusion'.
Invalid column name 'conclusion_t'.
Invalid column name 'conclusion_doctor_guid'.
Invalid column name 'conclusion_doctor_name'.
Invalid column name 'delivered_dt'.
Invalid column name 'deliver_guid'.
Invalid column name 'deliver_name'.
2015-06-11 19:46:08,010 INFO  - Application_Start....
2015-06-11 19:46:08,025 INFO  - ConnectionStringSettings: Data Source=.;Initial Catalog=mhCloudEMR;User ID=sa;Password=SQL2008;Persist Security Info=True;
2015-06-11 19:47:14,526 INFO  - Application_Start....
2015-06-11 19:47:14,542 INFO  - ConnectionStringSettings: Data Source=.;Initial Catalog=mhCloudEMR;User ID=sa;Password=SQL2008;Persist Security Info=True;
2015-06-11 19:50:08,804 ERROR - Invalid column name 'hospital_guid'.
Invalid column name 'hospital_name'.
Invalid column name 'doctor_guid'.
Invalid column name 'doctor_name'.
Invalid column name 'conclusion'.
Invalid column name 'conclusion_t'.
Invalid column name 'conclusion_doctor_guid'.
Invalid column name 'conclusion_doctor_name'.
Invalid column name 'delivered_dt'.
Invalid column name 'deliver_guid'.
Invalid column name 'deliver_name'.
2015-06-11 19:50:08,835 ERROR - Invalid column name 'hospital_guid'.
Invalid column name 'hospital_name'.
Invalid column name 'doctor_guid'.
Invalid column name 'doctor_name'.
Invalid column name 'conclusion'.
Invalid column name 'conclusion_t'.
Invalid column name 'conclusion_doctor_guid'.
Invalid column name 'conclusion_doctor_name'.
Invalid column name 'delivered_dt'.
Invalid column name 'deliver_guid'.
Invalid column name 'deliver_name'.
2015-06-11 19:50:56,360 ERROR - Invalid column name 'hospital_guid'.
Invalid column name 'hospital_name'.
Invalid column name 'doctor_guid'.
Invalid column name 'doctor_name'.
Invalid column name 'conclusion'.
Invalid column name 'conclusion_t'.
Invalid column name 'conclusion_doctor_guid'.
Invalid column name 'conclusion_doctor_name'.
Invalid column name 'delivered_dt'.
Invalid column name 'deliver_guid'.
Invalid column name 'deliver_name'.
2015-06-11 19:51:02,424 ERROR - Invalid column name 'hospital_guid'.
Invalid column name 'hospital_name'.
Invalid column name 'doctor_guid'.
Invalid column name 'doctor_name'.
Invalid column name 'conclusion'.
Invalid column name 'conclusion_t'.
Invalid column name 'conclusion_doctor_guid'.
Invalid column name 'conclusion_doctor_name'.
Invalid column name 'delivered_dt'.
Invalid column name 'deliver_guid'.
Invalid column name 'deliver_name'.
2015-06-11 19:51:47,434 ERROR - Invalid column name 'hospital_guid'.
Invalid column name 'hospital_name'.
Invalid column name 'doctor_guid'.
Invalid column name 'doctor_name'.
Invalid column name 'conclusion'.
Invalid column name 'conclusion_t'.
Invalid column name 'conclusion_doctor_guid'.
Invalid column name 'conclusion_doctor_name'.
Invalid column name 'delivered_dt'.
Invalid column name 'deliver_guid'.
Invalid column name 'deliver_name'.
2015-06-11 19:51:48,637 ERROR - Invalid column name 'hospital_guid'.
Invalid column name 'hospital_name'.
Invalid column name 'doctor_guid'.
Invalid column name 'doctor_name'.
Invalid column name 'conclusion'.
Invalid column name 'conclusion_t'.
Invalid column name 'conclusion_doctor_guid'.
Invalid column name 'conclusion_doctor_name'.
Invalid column name 'delivered_dt'.
Invalid column name 'deliver_guid'.
Invalid column name 'deliver_name'.
2015-06-11 19:52:00,979 ERROR - Invalid column name 'hospital_guid'.
Invalid column name 'hospital_name'.
Invalid column name 'doctor_guid'.
Invalid column name 'doctor_name'.
Invalid column name 'conclusion'.
Invalid column name 'conclusion_t'.
Invalid column name 'conclusion_doctor_guid'.
Invalid column name 'conclusion_doctor_name'.
Invalid column name 'delivered_dt'.
Invalid column name 'deliver_guid'.
Invalid column name 'deliver_name'.
2015-06-11 19:52:01,011 ERROR - Invalid column name 'hospital_guid'.
Invalid column name 'hospital_name'.
Invalid column name 'doctor_guid'.
Invalid column name 'doctor_name'.
Invalid column name 'conclusion'.
Invalid column name 'conclusion_t'.
Invalid column name 'conclusion_doctor_guid'.
Invalid column name 'conclusion_doctor_name'.
Invalid column name 'delivered_dt'.
Invalid column name 'deliver_guid'.
Invalid column name 'deliver_name'.
2015-06-11 19:52:25,551 ERROR - Invalid column name 'hospital_guid'.
Invalid column name 'hospital_name'.
Invalid column name 'doctor_guid'.
Invalid column name 'doctor_name'.
Invalid column name 'conclusion'.
Invalid column name 'conclusion_t'.
Invalid column name 'conclusion_doctor_guid'.
Invalid column name 'conclusion_doctor_name'.
Invalid column name 'delivered_dt'.
Invalid column name 'deliver_guid'.
Invalid column name 'deliver_name'.
2015-06-11 19:52:25,551 ERROR - Invalid column name 'hospital_guid'.
Invalid column name 'hospital_name'.
Invalid column name 'doctor_guid'.
Invalid column name 'doctor_name'.
Invalid column name 'conclusion'.
Invalid column name 'conclusion_t'.
Invalid column name 'conclusion_doctor_guid'.
Invalid column name 'conclusion_doctor_name'.
Invalid column name 'delivered_dt'.
Invalid column name 'deliver_guid'.
Invalid column name 'deliver_name'.
2015-06-11 19:53:25,940 INFO  - Application_Start....
2015-06-11 19:53:25,956 INFO  - ConnectionStringSettings: Data Source=.;Initial Catalog=mhCloudEMR;User ID=sa;Password=SQL2008;Persist Security Info=True;
2015-06-11 19:54:29,328 INFO  - Application_Start....
2015-06-11 19:54:29,328 INFO  - ConnectionStringSettings: Data Source=.;Initial Catalog=mhCloudEMR;User ID=sa;Password=SQL2008;Persist Security Info=True;
2015-06-11 19:54:36,186 ERROR - 列“conclusion”不属于表 Table。
2015-06-11 19:55:30,202 INFO  - Application_Start....
2015-06-11 19:55:30,218 INFO  - ConnectionStringSettings: Data Source=.;Initial Catalog=mhCloudEMR;User ID=sa;Password=SQL2008;Persist Security Info=True;
2015-06-11 19:55:39,534 ERROR - 列“delivered_dt”不属于表 Table。
2015-06-11 19:56:20,655 INFO  - Application_Start....
2015-06-11 19:56:20,670 INFO  - ConnectionStringSettings: Data Source=.;Initial Catalog=mhCloudEMR;User ID=sa;Password=SQL2008;Persist Security Info=True;
2015-06-11 19:56:37,634 ERROR - 列“deliver_guid”不属于表 Table。
2015-06-11 19:57:01,912 INFO  - Application_Start....
2015-06-11 19:57:01,912 INFO  - ConnectionStringSettings: Data Source=.;Initial Catalog=mhCloudEMR;User ID=sa;Password=SQL2008;Persist Security Info=True;
2015-06-11 20:09:12,024 ERROR - Invalid column name 'hospital_guid'.
Invalid column name 'hospital_name'.
Invalid column name 'doctor_guid'.
Invalid column name 'doctor_name'.
Invalid column name 'conclusion'.
Invalid column name 'conclusion_t'.
Invalid column name 'conclusion_doctor_guid'.
Invalid column name 'conclusion_doctor_name'.
Invalid column name 'delivered_dt'.
Invalid column name 'deliver_guid'.
Invalid column name 'deliver_name'.
2015-06-11 20:09:12,024 ERROR - Invalid column name 'hospital_guid'.
Invalid column name 'hospital_name'.
Invalid column name 'doctor_guid'.
Invalid column name 'doctor_name'.
Invalid column name 'conclusion'.
Invalid column name 'conclusion_t'.
Invalid column name 'conclusion_doctor_guid'.
Invalid column name 'conclusion_doctor_name'.
Invalid column name 'delivered_dt'.
Invalid column name 'deliver_guid'.
Invalid column name 'deliver_name'.
2015-06-11 20:09:13,280 ERROR - Invalid column name 'hospital_guid'.
Invalid column name 'hospital_name'.
Invalid column name 'doctor_guid'.
Invalid column name 'doctor_name'.
Invalid column name 'conclusion'.
Invalid column name 'conclusion_t'.
Invalid column name 'conclusion_doctor_guid'.
Invalid column name 'conclusion_doctor_name'.
Invalid column name 'delivered_dt'.
Invalid column name 'deliver_guid'.
Invalid column name 'deliver_name'.
2015-06-11 20:09:13,284 ERROR - Invalid column name 'hospital_guid'.
Invalid column name 'hospital_name'.
Invalid column name 'doctor_guid'.
Invalid column name 'doctor_name'.
Invalid column name 'conclusion'.
Invalid column name 'conclusion_t'.
Invalid column name 'conclusion_doctor_guid'.
Invalid column name 'conclusion_doctor_name'.
Invalid column name 'delivered_dt'.
Invalid column name 'deliver_guid'.
Invalid column name 'deliver_name'.
2015-06-11 20:11:22,436 ERROR - 未将对象引用设置到对象的实例。
2015-06-11 20:26:22,831 INFO  - Application_Start....
2015-06-11 20:26:22,840 INFO  - ConnectionStringSettings: Data Source=116.228.41.235;Initial Catalog=mhCloudEMR;User ID=yiyou;Password=1;Persist Security Info=True;
2015-06-11 20:35:31,040 INFO  - Application_Start....
2015-06-11 20:35:31,040 INFO  - ConnectionStringSettings: Data Source=.;Initial Catalog=mhCloudEMR;User ID=sa;Password=SQL2008;Persist Security Info=True;
2015-06-11 20:50:24,017 INFO  - Application_Start....
2015-06-11 20:50:24,017 INFO  - ConnectionStringSettings: Data Source=.;Initial Catalog=mhCloudEMR;User ID=sa;Password=SQL2008;Persist Security Info=True;
2015-06-11 21:02:31,529 INFO  - Application_Start....
2015-06-11 21:02:31,529 INFO  - ConnectionStringSettings: Data Source=.;Initial Catalog=mhCloudEMR;User ID=sa;Password=SQL2008;Persist Security Info=True;
2015-06-11 21:30:15,112 INFO  - Application_Start....
2015-06-11 21:30:15,127 INFO  - ConnectionStringSettings: Data Source=116.228.41.235;Initial Catalog=mhCloudEMR;User ID=sa;Password=SQL2008;Persist Security Info=True;
2015-06-11 21:30:16,893 ERROR - 用户 'sa' 登录失败。
2015-06-11 21:30:31,874 INFO  - Application_Start....
2015-06-11 21:30:31,889 INFO  - ConnectionStringSettings: Data Source=.;Initial Catalog=mhCloudEMR;User ID=sa;Password=SQL2008;Persist Security Info=True;
2015-06-11 21:32:28,361 INFO  - Application_Start....
2015-06-11 21:32:28,361 INFO  - ConnectionStringSettings: Data Source=.;Initial Catalog=mhCloudEMR;User ID=sa;Password=SQL2008;Persist Security Info=True;
2015-06-11 21:37:59,174 INFO  - Application_Start....
2015-06-11 21:37:59,174 INFO  - ConnectionStringSettings: Data Source=.;Initial Catalog=mhCloudEMR;User ID=sa;Password=SQL2008;Persist Security Info=True;
2015-06-11 21:40:39,579 INFO  - Application_Start....
2015-06-11 21:40:39,587 INFO  - ConnectionStringSettings: Data Source=.;Initial Catalog=mhCloudEMR;User ID=sa;Password=SQL2008;Persist Security Info=True;
2015-06-11 21:57:43,439 INFO  - Application_Start....
2015-06-11 21:57:43,447 INFO  - ConnectionStringSettings: Data Source=.;Initial Catalog=mhCloudEMR;User ID=sa;Password=SQL2008;Persist Security Info=True;
2015-06-11 22:25:25,912 INFO  - Application_Start....
2015-06-11 22:25:25,919 INFO  - ConnectionStringSettings: Data Source=116.228.41.235;Initial Catalog=mhCloudEMR;User ID=yiyou;Password=1;Persist Security Info=True;
2015-06-11 22:25:44,609 INFO  - Application_Start....
2015-06-11 22:25:44,618 INFO  - ConnectionStringSettings: Data Source=116.228.41.235;Initial Catalog=mhCloudEMR;User ID=yiyou;Password=1;Persist Security Info=True;
2015-06-11 22:27:08,030 INFO  - Application_Start....
2015-06-11 22:27:08,042 INFO  - ConnectionStringSettings: Data Source=116.228.41.235;Initial Catalog=mhCloudEMR;User ID=yiyou;Password=1;Persist Security Info=True;
2015-06-11 22:35:29,913 INFO  - Application_Start....
2015-06-11 22:35:29,928 INFO  - ConnectionStringSettings: Data Source=.;Initial Catalog=mhCloudEMR;User ID=sa;Password=SQL2008;Persist Security Info=True;
2015-06-11 22:36:11,231 INFO  - Application_Start....
2015-06-11 22:36:11,243 INFO  - ConnectionStringSettings: Data Source=.;Initial Catalog=mhCloudEMR;User ID=sa;Password=SQL2008;Persist Security Info=True;
2015-06-11 22:51:11,246 INFO  - Application_Start....
2015-06-11 22:51:11,254 INFO  - ConnectionStringSettings: Data Source=.;Initial Catalog=mhCloudEMR;User ID=sa;Password=SQL2008;Persist Security Info=True;
