2015-06-22 00:07:29,541 INFO  - Application_Start....
2015-06-22 00:07:29,550 INFO  - ConnectionStringSettings: Data Source=.\GCPACSWS;Initial Catalog=mhCloudEMR;User ID=sa;Password=sa20021224$;Persist Security Info=True;
2015-06-22 00:14:37,636 INFO  - Application_Start....
2015-06-22 00:14:37,645 INFO  - ConnectionStringSettings: Data Source=.\GCPACSWS;Initial Catalog=mhCloudEMR;User ID=sa;Password=sa20021224$;Persist Security Info=True;
2015-06-22 00:15:25,800 ERROR - Invalid object name 'EMR_PatientMdl'.
2015-06-22 00:15:30,492 ERROR - Invalid object name 'EMR_PatientMdl'.
2015-06-22 00:15:58,010 ERROR - Invalid object name 'EMR_PatientMdl'.
2015-06-22 00:15:58,011 ERROR - Invalid object name 'EMR_PatientMdl'.
2015-06-22 00:16:15,593 INFO  - Application_Start....
2015-06-22 00:16:15,602 INFO  - ConnectionStringSettings: Data Source=.\GCPACSWS;Initial Catalog=mhCloudEMR;User ID=sa;Password=sa20021224$;Persist Security Info=True;
2015-06-22 00:17:53,705 ERROR - Invalid object name 'EMR_PatientMdl'.
2015-06-22 00:17:53,707 ERROR - Invalid object name 'EMR_PatientMdl'.
2015-06-22 00:18:47,408 INFO  - Application_Start....
2015-06-22 00:18:47,416 INFO  - ConnectionStringSettings: Data Source=.\GCPACSWS;Initial Catalog=mhCloudEMR;User ID=sa;Password=sa20021224$;Persist Security Info=True;
2015-06-22 00:19:46,251 ERROR - Invalid object name 'EMR_PatientMdl'.
2015-06-22 00:19:53,102 ERROR - Invalid object name 'EMR_PatientMdl'.
2015-06-22 00:20:36,935 INFO  - Application_Start....
2015-06-22 00:20:36,947 INFO  - ConnectionStringSettings: Data Source=.\GCPACSWS;Initial Catalog=mhCloudEMR;User ID=sa;Password=sa20021224$;Persist Security Info=True;
2015-06-22 00:20:51,890 INFO  - Application_Start....
2015-06-22 00:20:51,899 INFO  - ConnectionStringSettings: Data Source=.\GCPACSWS;Initial Catalog=mhCloudEMR;User ID=sa;Password=sa20021224$;Persist Security Info=True;
2015-06-22 00:21:10,855 ERROR - Thread was being aborted.
2015-06-22 00:21:30,347 ERROR - Thread was being aborted.
2015-06-22 00:21:49,899 ERROR - Thread was being aborted.
2015-06-22 00:22:18,016 ERROR - SqlDateTime overflow. Must be between 1/1/1753 12:00:00 AM and 12/31/9999 11:59:59 PM.
2015-06-22 00:22:18,026 ERROR - SqlDateTime overflow. Must be between 1/1/1753 12:00:00 AM and 12/31/9999 11:59:59 PM.
2015-06-22 00:22:32,818 ERROR - Thread was being aborted.
2015-06-22 00:22:53,208 ERROR - Thread was being aborted.
2015-06-22 00:23:19,773 ERROR - SqlDateTime overflow. Must be between 1/1/1753 12:00:00 AM and 12/31/9999 11:59:59 PM.
2015-06-22 00:23:19,780 ERROR - SqlDateTime overflow. Must be between 1/1/1753 12:00:00 AM and 12/31/9999 11:59:59 PM.
2015-06-22 00:23:31,711 ERROR - Thread was being aborted.
2015-06-22 00:23:40,762 ERROR - Thread was being aborted.
2015-06-22 00:23:53,242 ERROR - SqlDateTime overflow. Must be between 1/1/1753 12:00:00 AM and 12/31/9999 11:59:59 PM.
2015-06-22 00:23:53,250 ERROR - SqlDateTime overflow. Must be between 1/1/1753 12:00:00 AM and 12/31/9999 11:59:59 PM.
2015-06-22 00:24:00,669 ERROR - Thread was being aborted.
