2015-05-21 18:34:09,665 INFO  - Application_Start....
2015-05-21 18:34:09,696 INFO  - ConnectionStringSettings: Data Source=.\GCPACSWS;Initial Catalog=mhCloudEMR;Persist Security Info=True;
2015-05-21 18:34:09,884 FATAL - Can't connect to the DataBase, please check!!
2015-05-21 18:34:22,114 ERROR - Login failed for user ''.
2015-05-21 18:34:54,575 INFO  - Application_Start....
2015-05-21 18:34:54,575 INFO  - ConnectionStringSettings: Data Source=.\GCPACSWS;Initial Catalog=mhCloudEMR;User ID=sa;Password=sa20021224$;Persist Security Info=True;
2015-05-21 18:34:54,653 INFO  - DB Connection Test OK
2015-05-21 18:35:15,948 INFO  - Application_Start....
2015-05-21 18:35:15,948 INFO  - ConnectionStringSettings: Data Source=.\GCPACSWS;Initial Catalog=mhCloudEMR;User ID=sa;Password=sa20021224$;Persist Security Info=True;
2015-05-21 18:35:15,948 INFO  - DB Connection Test OK
2015-05-21 18:35:20,036 ERROR - A transport-level error has occurred when receiving results from the server. (provider: Shared Memory Provider, error: 0 - The handle is invalid.)
2015-05-21 18:36:28,738 INFO  - Application_Start....
2015-05-21 18:36:28,738 INFO  - ConnectionStringSettings: Data Source=.\GCPACSWS;Initial Catalog=mhCloudEMR;User ID=sa;Password=sa20021224$;Persist Security Info=True;
2015-05-21 18:36:28,753 INFO  - DB Connection Test OK
2015-05-21 18:37:29,094 INFO  - Application_Start....
2015-05-21 18:37:29,110 INFO  - ConnectionStringSettings: Data Source=.\GCPACSWS;Initial Catalog=mhCloudEMR;User ID=sa;Password=sa20021224$;Persist Security Info=True;
2015-05-21 18:37:29,110 INFO  - DB Connection Test OK
2015-05-21 18:37:30,623 ERROR - A transport-level error has occurred when receiving results from the server. (provider: Shared Memory Provider, error: 0 - The handle is invalid.)
2015-05-21 18:37:45,044 INFO  - Application_Start....
2015-05-21 18:37:45,060 INFO  - ConnectionStringSettings: Data Source=.\GCPACSWS;Initial Catalog=mhCloudEMR;User ID=sa;Password=sa20021224$;Persist Security Info=True;
2015-05-21 18:37:45,060 INFO  - DB Connection Test OK
2015-05-21 18:37:50,301 ERROR - A transport-level error has occurred when receiving results from the server. (provider: Shared Memory Provider, error: 0 - The handle is invalid.)
2015-05-21 18:38:26,886 INFO  - Application_Start....
2015-05-21 18:38:26,894 INFO  - ConnectionStringSettings: Data Source=.\GCPACSWS;Initial Catalog=mhCloudEMR;User ID=sa;Password=sa20021224$;Persist Security Info=True;
2015-05-21 18:38:26,898 INFO  - DB Connection Test OK
2015-05-21 18:38:47,070 ERROR - A transport-level error has occurred when receiving results from the server. (provider: Shared Memory Provider, error: 0 - The handle is invalid.)
2015-05-21 18:39:18,522 INFO  - Application_Start....
2015-05-21 18:39:18,522 INFO  - ConnectionStringSettings: Data Source=.\GCPACSWS;Initial Catalog=mhCloudEMR;User ID=sa;Password=sa20021224$;Persist Security Info=True;
2015-05-21 18:39:18,538 INFO  - DB Connection Test OK
2015-05-21 18:39:44,788 ERROR - A transport-level error has occurred when receiving results from the server. (provider: Shared Memory Provider, error: 0 - The handle is invalid.)
2015-05-21 18:40:47,251 INFO  - Application_Start....
2015-05-21 18:40:47,266 INFO  - ConnectionStringSettings: Data Source=.\GCPACSWS;Initial Catalog=mhCloudEMR;User ID=sa;Password=sa20021224$;Persist Security Info=True;
2015-05-21 18:40:47,266 INFO  - DB Connection Test OK
2015-05-21 18:40:50,566 ERROR - A transport-level error has occurred when receiving results from the server. (provider: Shared Memory Provider, error: 0 - The handle is invalid.)
2015-05-21 18:42:32,991 INFO  - Application_Start....
2015-05-21 18:42:33,006 INFO  - ConnectionStringSettings: Data Source=.\GCPACSWS;Initial Catalog=mhCloudEMR;User ID=sa;Password=sa20021224$;Persist Security Info=True;
2015-05-21 18:42:33,006 INFO  - Get tbProject
2015-05-21 18:42:34,786 ERROR - A transport-level error has occurred when receiving results from the server. (provider: Shared Memory Provider, error: 0 - The handle is invalid.)
2015-05-21 18:43:33,504 INFO  - Application_Start....
2015-05-21 18:43:33,520 INFO  - ConnectionStringSettings: Data Source=.\GCPACSWS;Initial Catalog=mhCloudEMR;User ID=sa;Password=sa20021224$;Persist Security Info=True;
2015-05-21 18:43:33,520 INFO  - Get tbProject
2015-05-21 18:43:44,749 INFO  - Get tbLoction
2015-05-21 18:43:47,292 INFO  - Get tbHospital
2015-05-21 18:43:48,805 INFO  - Get tbDoctor
2015-05-21 18:49:53,041 INFO  - Application_Start....
2015-05-21 18:49:53,049 INFO  - ConnectionStringSettings: Data Source=.\GCPACSWS;Initial Catalog=mhCloudEMR;User ID=sa;Password=sa20021224$;Persist Security Info=True;
2015-05-21 18:49:53,050 INFO  - Get tbProject
2015-05-21 18:49:53,056 INFO  - Get tbLoction
2015-05-21 18:49:53,075 INFO  - Get tbHospital
2015-05-21 18:49:53,140 INFO  - Get tbDoctor
2015-05-21 18:53:10,871 INFO  - Application_Start....
2015-05-21 18:53:10,878 INFO  - ConnectionStringSettings: Data Source=.\GCPACSWS;Initial Catalog=mhCloudEMR;User ID=sa;Password=sa20021224$;Persist Security Info=True;
2015-05-21 18:53:10,879 INFO  - Get tbProject
2015-05-21 18:53:38,422 INFO  - Get tbLoction
2015-05-21 18:53:38,451 INFO  - Get tbHospital
2015-05-21 18:53:47,443 INFO  - Application_Start....
2015-05-21 18:53:47,450 INFO  - ConnectionStringSettings: Data Source=.\GCPACSWS;Initial Catalog=mhCloudEMR;User ID=sa;Password=sa20021224$;Persist Security Info=True;
2015-05-21 18:53:47,451 INFO  - Get tbProject
2015-05-21 18:53:49,169 INFO  - Get tbLoction
2015-05-21 18:53:49,211 INFO  - Get tbHospital
2015-05-21 18:53:49,273 INFO  - Get tbDoctor
2015-05-21 18:56:57,149 INFO  - Application_Start....
2015-05-21 18:56:57,157 INFO  - ConnectionStringSettings: Data Source=.\GCPACSWS;Initial Catalog=mhCloudEMR;User ID=sa;Password=sa20021224$;Persist Security Info=True;
2015-05-21 18:58:27,310 INFO  - Application_Start....
2015-05-21 18:58:27,319 INFO  - ConnectionStringSettings: Data Source=.\GCPACSWS;Initial Catalog=mhCloudEMR;User ID=sa;Password=sa20021224$;Persist Security Info=True;
2015-05-21 19:01:19,309 INFO  - Application_Start....
2015-05-21 19:01:19,317 INFO  - ConnectionStringSettings: Data Source=.\GCPACSWS;Initial Catalog=mhCloudEMR;User ID=sa;Password=sa20021224$;Persist Security Info=True;
2015-05-21 19:08:41,494 INFO  - Application_Start....
2015-05-21 19:08:41,502 INFO  - ConnectionStringSettings: Data Source=.\GCPACSWS;Initial Catalog=mhCloudEMR;User ID=sa;Password=sa20021224$;Persist Security Info=True;
2015-05-21 19:09:28,478 INFO  - Application_Start....
2015-05-21 19:09:28,484 INFO  - ConnectionStringSettings: Data Source=.\GCPACSWS;Initial Catalog=mhCloudEMR;User ID=sa;Password=sa20021224$;Persist Security Info=True;
2015-05-21 19:16:08,822 INFO  - Application_Start....
2015-05-21 19:16:08,831 INFO  - ConnectionStringSettings: Data Source=.\GCPACSWS;Initial Catalog=mhCloudEMR;User ID=sa;Password=sa20021224$;Persist Security Info=True;
2015-05-21 19:22:11,672 INFO  - Application_Start....
2015-05-21 19:22:11,687 INFO  - ConnectionStringSettings: Data Source=.\GCPACSWS;Initial Catalog=mhCloudEMR;User ID=sa;Password=sa20021224$;Persist Security Info=True;
2015-05-21 19:58:29,145 INFO  - Application_Start....
2015-05-21 19:58:29,161 INFO  - ConnectionStringSettings: Data Source=.\GCPACSWS;Initial Catalog=mhCloudEMR;User ID=sa;Password=sa20021224$;Persist Security Info=True;
2015-05-21 20:04:54,969 INFO  - Application_Start....
2015-05-21 20:04:54,978 INFO  - ConnectionStringSettings: Data Source=.\GCPACSWS;Initial Catalog=mhCloudEMR;User ID=sa;Password=sa20021224$;Persist Security Info=True;
2015-05-21 20:15:38,359 INFO  - Application_Start....
2015-05-21 20:15:38,371 INFO  - ConnectionStringSettings: Data Source=.\GCPACSWS;Initial Catalog=mhCloudEMR;User ID=sa;Password=sa20021224$;Persist Security Info=True;
2015-05-21 20:15:51,512 ERROR - Cannot insert the value NULL into column 'guid', table 'mhCloudEMR.dbo.consult_application'; column does not allow nulls. INSERT fails.
The statement has been terminated.
